  GameLoop.cpp
d:\university\year 2\games for games engines github\gamesforgamesengines\blakeskinnercmp5334\model.h(41): warning C4477: 'printf' : format string '%s' requires an argument of type 'char *', but variadic argument 1 has type 'std::string'
d:\university\year 2\games for games engines github\gamesforgamesengines\blakeskinnercmp5334\model.h(44): warning C4018: '<': signed/unsigned mismatch
d:\university\year 2\games for games engines github\gamesforgamesengines\blakeskinnercmp5334\model.h(49): warning C4018: '<': signed/unsigned mismatch
d:\university\year 2\games for games engines github\gamesforgamesengines\blakeskinnercmp5334\model.h(59): warning C4018: '<': signed/unsigned mismatch
d:\university\year 2\games for games engines github\gamesforgamesengines\blakeskinnercmp5334\model.h(90): warning C4267: 'argument': conversion from 'size_t' to '_Ty', possible loss of data
          with
          [
              _Ty=int
          ]
d:\university\year 2\games for games engines github\gamesforgamesengines\blakeskinnercmp5334\model2.h(40): warning C4477: 'printf' : format string '%s' requires an argument of type 'char *', but variadic argument 1 has type 'std::string'
d:\university\year 2\games for games engines github\gamesforgamesengines\blakeskinnercmp5334\model2.h(43): warning C4018: '<': signed/unsigned mismatch
d:\university\year 2\games for games engines github\gamesforgamesengines\blakeskinnercmp5334\model2.h(48): warning C4018: '<': signed/unsigned mismatch
d:\university\year 2\games for games engines github\gamesforgamesengines\blakeskinnercmp5334\model2.h(58): warning C4018: '<': signed/unsigned mismatch
d:\university\year 2\games for games engines github\gamesforgamesengines\blakeskinnercmp5334\model2.h(89): warning C4267: 'argument': conversion from 'size_t' to '_Ty', possible loss of data
          with
          [
              _Ty=int
          ]
d:\university\year 2\games for games engines github\gamesforgamesengines\blakeskinnercmp5334\skydome.h(26): warning C4305: 'initializing': truncation from 'double' to 'float'
d:\university\year 2\games for games engines github\gamesforgamesengines\blakeskinnercmp5334\skydome.h(77): error C2086: 'std::vector<GLfloat,std::allocator<_Ty>> vBuffer': redefinition
          with
          [
              _Ty=GLfloat
          ]
  d:\university\year 2\games for games engines github\gamesforgamesengines\blakeskinnercmp5334\skydome.h(71): note: see declaration of 'vBuffer'
d:\university\year 2\games for games engines github\gamesforgamesengines\blakeskinnercmp5334\skydome.h(79): error C2065: 'uvBuffer': undeclared identifier
d:\university\year 2\games for games engines github\gamesforgamesengines\blakeskinnercmp5334\skydome.h(80): error C2065: 'uvBuffer': undeclared identifier
d:\university\year 2\games for games engines github\gamesforgamesengines\blakeskinnercmp5334\skydome.h(83): warning C4267: '=': conversion from 'size_t' to 'int', possible loss of data
d:\university\year 2\games for games engines github\gamesforgamesengines\blakeskinnercmp5334\skydome.h(91): error C2065: 'uvBuffer': undeclared identifier
d:\university\year 2\games for games engines github\gamesforgamesengines\blakeskinnercmp5334\skydome.h(91): error C2198: 'PFNGLBUFFERDATAPROC': too few arguments for call
  ModelRenderer.cpp
d:\university\year 2\games for games engines github\gamesforgamesengines\blakeskinnercmp5334\model.h(41): warning C4477: 'printf' : format string '%s' requires an argument of type 'char *', but variadic argument 1 has type 'std::string'
d:\university\year 2\games for games engines github\gamesforgamesengines\blakeskinnercmp5334\model.h(44): warning C4018: '<': signed/unsigned mismatch
d:\university\year 2\games for games engines github\gamesforgamesengines\blakeskinnercmp5334\model.h(49): warning C4018: '<': signed/unsigned mismatch
d:\university\year 2\games for games engines github\gamesforgamesengines\blakeskinnercmp5334\model.h(59): warning C4018: '<': signed/unsigned mismatch
d:\university\year 2\games for games engines github\gamesforgamesengines\blakeskinnercmp5334\model.h(90): warning C4267: 'argument': conversion from 'size_t' to '_Ty', possible loss of data
          with
          [
              _Ty=int
          ]
d:\university\year 2\games for games engines github\gamesforgamesengines\blakeskinnercmp5334\model2.h(40): warning C4477: 'printf' : format string '%s' requires an argument of type 'char *', but variadic argument 1 has type 'std::string'
d:\university\year 2\games for games engines github\gamesforgamesengines\blakeskinnercmp5334\model2.h(43): warning C4018: '<': signed/unsigned mismatch
d:\university\year 2\games for games engines github\gamesforgamesengines\blakeskinnercmp5334\model2.h(48): warning C4018: '<': signed/unsigned mismatch
d:\university\year 2\games for games engines github\gamesforgamesengines\blakeskinnercmp5334\model2.h(58): warning C4018: '<': signed/unsigned mismatch
d:\university\year 2\games for games engines github\gamesforgamesengines\blakeskinnercmp5334\model2.h(89): warning C4267: 'argument': conversion from 'size_t' to '_Ty', possible loss of data
          with
          [
              _Ty=int
          ]
d:\university\year 2\games for games engines github\gamesforgamesengines\blakeskinnercmp5334\skydome.h(26): warning C4305: 'initializing': truncation from 'double' to 'float'
d:\university\year 2\games for games engines github\gamesforgamesengines\blakeskinnercmp5334\skydome.h(77): error C2086: 'std::vector<GLfloat,std::allocator<_Ty>> vBuffer': redefinition
          with
          [
              _Ty=GLfloat
          ]
  d:\university\year 2\games for games engines github\gamesforgamesengines\blakeskinnercmp5334\skydome.h(71): note: see declaration of 'vBuffer'
d:\university\year 2\games for games engines github\gamesforgamesengines\blakeskinnercmp5334\skydome.h(79): error C2065: 'uvBuffer': undeclared identifier
d:\university\year 2\games for games engines github\gamesforgamesengines\blakeskinnercmp5334\skydome.h(80): error C2065: 'uvBuffer': undeclared identifier
d:\university\year 2\games for games engines github\gamesforgamesengines\blakeskinnercmp5334\skydome.h(83): warning C4267: '=': conversion from 'size_t' to 'int', possible loss of data
d:\university\year 2\games for games engines github\gamesforgamesengines\blakeskinnercmp5334\skydome.h(91): error C2065: 'uvBuffer': undeclared identifier
d:\university\year 2\games for games engines github\gamesforgamesengines\blakeskinnercmp5334\skydome.h(91): error C2198: 'PFNGLBUFFERDATAPROC': too few arguments for call
  Utilcpp.cpp
  Generating Code...
