<<<<<<< HEAD
﻿  GameLoop.cpp
=======
﻿  pch.cpp
  BlakeSkinnerCMP5334.cpp
  GameLoop.cpp
>>>>>>> parent of 0abcc9b... Added ability
d:\university\year 2\games for games engines github\gamesforgamesengines\blakeskinnercmp5334\model.h(41): warning C4477: 'printf' : format string '%s' requires an argument of type 'char *', but variadic argument 1 has type 'std::string'
d:\university\year 2\games for games engines github\gamesforgamesengines\blakeskinnercmp5334\model.h(44): warning C4018: '<': signed/unsigned mismatch
d:\university\year 2\games for games engines github\gamesforgamesengines\blakeskinnercmp5334\model.h(49): warning C4018: '<': signed/unsigned mismatch
d:\university\year 2\games for games engines github\gamesforgamesengines\blakeskinnercmp5334\model.h(59): warning C4018: '<': signed/unsigned mismatch
d:\university\year 2\games for games engines github\gamesforgamesengines\blakeskinnercmp5334\model2.h(40): warning C4477: 'printf' : format string '%s' requires an argument of type 'char *', but variadic argument 1 has type 'std::string'
d:\university\year 2\games for games engines github\gamesforgamesengines\blakeskinnercmp5334\model2.h(43): warning C4018: '<': signed/unsigned mismatch
d:\university\year 2\games for games engines github\gamesforgamesengines\blakeskinnercmp5334\model2.h(48): warning C4018: '<': signed/unsigned mismatch
d:\university\year 2\games for games engines github\gamesforgamesengines\blakeskinnercmp5334\model2.h(58): warning C4018: '<': signed/unsigned mismatch
<<<<<<< HEAD
d:\university\year 2\games for games engines github\gamesforgamesengines\blakeskinnercmp5334\skydome.h(26): warning C4305: 'initializing': truncation from 'double' to 'float'
d:\university\year 2\games for games engines github\gamesforgamesengines\blakeskinnercmp5334\skydome.h(72): warning C4018: '<': signed/unsigned mismatch
d:\university\year 2\games for games engines github\gamesforgamesengines\blakeskinnercmp5334\skydome.h(78): warning C4018: '<': signed/unsigned mismatch
=======
  ModelRenderer.cpp
d:\university\year 2\games for games engines github\gamesforgamesengines\blakeskinnercmp5334\model.h(41): warning C4477: 'printf' : format string '%s' requires an argument of type 'char *', but variadic argument 1 has type 'std::string'
d:\university\year 2\games for games engines github\gamesforgamesengines\blakeskinnercmp5334\model.h(44): warning C4018: '<': signed/unsigned mismatch
d:\university\year 2\games for games engines github\gamesforgamesengines\blakeskinnercmp5334\model.h(49): warning C4018: '<': signed/unsigned mismatch
d:\university\year 2\games for games engines github\gamesforgamesengines\blakeskinnercmp5334\model.h(59): warning C4018: '<': signed/unsigned mismatch
d:\university\year 2\games for games engines github\gamesforgamesengines\blakeskinnercmp5334\model2.h(40): warning C4477: 'printf' : format string '%s' requires an argument of type 'char *', but variadic argument 1 has type 'std::string'
d:\university\year 2\games for games engines github\gamesforgamesengines\blakeskinnercmp5334\model2.h(43): warning C4018: '<': signed/unsigned mismatch
d:\university\year 2\games for games engines github\gamesforgamesengines\blakeskinnercmp5334\model2.h(48): warning C4018: '<': signed/unsigned mismatch
d:\university\year 2\games for games engines github\gamesforgamesengines\blakeskinnercmp5334\model2.h(58): warning C4018: '<': signed/unsigned mismatch
  TriangleRenderer.cpp
  Utilcpp.cpp
  Generating Code...
  LINK : D:\University\Year 2\Games For games engines github\GamesForGamesEngines\Debug\BlakeSkinnerCMP5334.exe not found or not built by the last incremental link; performing full link
>>>>>>> parent of 0abcc9b... Added ability
  BlakeSkinnerCMP5334.vcxproj -> D:\University\Year 2\Games For games engines github\GamesForGamesEngines\Debug\BlakeSkinnerCMP5334.exe
